<?xml version="1.0" encoding="UTF-8" ?>
<testsuite tests="1" failures="1" name="org.apache.tika.mime.TestMimeTypes" time="0.004" errors="0" skipped="0">
  <properties>
[...]
</properties>
  <testcase classname="org.apache.tika.mime.TestMimeTypes" name="testCaseSensitivity" time="0.004">
    <failure message="expected:&lt;application/pdf -- null
Aliases: 
	application/x-pdf
Patterns:
	*.pdf
Magics:  
	[50/(FALSE OR [0:0(string)-null#160260441645])]
&gt; but was:&lt;application/octet-stream -- null
Aliases:  NONE
Patterns:
	*.bin
Magics:  
	[50/(((((FALSE OR [0:0(string)-null#7966]) OR [0:0(host16)-null#7967]) OR [0:0(host16)-null#8191]) OR [0:0(string)-null#-225]) OR [0:0(host16)-null#-13563])]
&gt;" type="junit.framework.AssertionFailedError">junit.framework.AssertionFailedError: expected:&lt;application/pdf -- null
Aliases: 
	application/x-pdf
Patterns:
	*.pdf
Magics:  
	[50/(FALSE OR [0:0(string)-null#160260441645])]
&gt; but was:&lt;application/octet-stream -- null
Aliases:  NONE
Patterns:
	*.bin
Magics:  
	[50/(((((FALSE OR [0:0(string)-null#7966]) OR [0:0(host16)-null#7967]) OR [0:0(host16)-null#8191]) OR [0:0(string)-null#-225]) OR [0:0(host16)-null#-13563])]
&gt;
	at junit.framework.Assert.fail(Assert.java:47)
	at junit.framework.Assert.failNotEquals(Assert.java:282)
	at junit.framework.Assert.assertEquals(Assert.java:64)
	at junit.framework.Assert.assertEquals(Assert.java:71)
	at org.apache.tika.mime.TestMimeTypes.testCaseSensitivity(TestMimeTypes.java:47)
</failure>
    <system-err>ספט 27, 2018 6:57:12 PM org.apache.tika.mime.MimeUtils load
INFO: Loading [org/apache/tika/mime/tika-mimetypes.xml]
</system-err>
  </testcase>
</testsuite>